192.168.64.1 - - 22/Nov/2017:15:18:44 +0000 "GET /greet/world HTTP/1.1" 200 -
192.168.64.1 - - 22/Nov/2017:15:18:45 +0000 "GET /greet/ HTTP/1.1" 404 -
192.168.64.1 - - 22/Nov/2017:15:18:45 +0000 "GET /greet/ HTTP/1.1" 405 -
192.168.64.1 - - 22/Nov/2017:15:18:45 +0000 "GET /greet/ HTTP/1.1" 406 -
\nsome text heresome other text heresome other text here
some other text here
some other text here
some other text here
{msg:1dasdas, id:3, latency:31231231}
adasda fsdfsdfs fsdfs
adasda fsdfsdfs fsdfs1
adasda fsdfsdfs fsdfs2
adasda fsdfsdfs fsdfs3
adasda fsdfsdfs fsdfs + date
adasda fsdfsdfs fsdfs 
adasda fsdfsdfs fsdfs Prş Ara 31 00:22:03 +03 2020
adasda fsdfsdfs fsdfs Prş Ara 31 00:22:13 +03 2020
adasda fsdfsdfs fsdfs Prş Ara 31 00:22:14 +03 2020
adasda fsdfsdfs fsdfs Prş Ara 31 00:22:15 +03 2020
adasda fsdfsdfs fsdfs Prş Ara 31 00:23:09 +03 2020
adasda fsdfsdfs fsdfs Prş Ara 31 01:14:33 +03 2020
adasda fsdfsdfs fsdfs Prş Ara 31 01:17:20 +03 2020
{m:dsdas, i:2}
{m:dsdas, i:2}
asdasdasda
asdasdasda
asdasdasda3242342
asdasdasda3242342cvxcv
asdasdasda3242342cvxcv
asdasdasd23423a3242342cvxcv
33
343
3dsf3
3dsdf3
3dsddf3
dfs
hello unformatted
hello unformatted
hello unformatted
hello world  unformatted
{"m":"ds3", "m2":2,"m3":true,"m4":"10-1-2020"}
{"m":"ds3", "m2":2,"m3":true,"m4":"10-1-2020"}
{"m":"ds3", "m2":2,"m3":true,"m4":"10-1-2020"}
