{"m":"dsdas", "i":2}
{"m":"dsdas", "i":2}

{m:ds3}
{m:ds3}
{"m":"ds3"}
{"m":"ds3", "m2":2,"m3":true,"m4":"10-1-2020"}
{"m":"ds3", "m2":2,"m3":true,"m4":"10-1-2020"}
{"f1":"v1","f2":true}
{"f1":"v1","f2":true}
{"f1":"v1","f2":true}
{"f1":"v1","f2":true, "int":3}
{"m":"ds3", "m2":2,"m3":true,"m4":"10-1-2020"}
{"m":"ds3", "m2":2,"m3":true,"m4":"10-1-2020"}
{"m":"ds3", "m2":2,"m3":true,"m4":"10-1-2020"}
{"m":"ds3", "m2":2,"m3":true,"m4":"10-1-2020"}
{"m":"ds3", "m2":2,"m3":true,"m4":"10-1-2020"}
{"m":{"m2":{}}, "n":"dfds"}
{"m":{"m2":{"x":3}}, "n":"dfds"}
{"m":{"m2":""}, "n":"dfds"}
{"m":{}, "n":"dfds"}
{"m":"", "n":"dfds"}
{"m":"", "n":"dfds"}
{"m":"", "n":"dfds"}
{"m":"", "n":"dfds"}
{"m":{}, "n":"dfds"}
{"m":{"m2":""}, "n":"dfds"}
{"m":{"m2":""}, "n":"dfds"}
{"m":{"m2":""}, "n":"dfds"}
{"m":{"m2":""}, "n":"dfds", "f":2}
{"m":{"m2":""}, "n":"dfds", "f":2}
{"m":{"m2":""}, "n":"dfds", "f":2}
{"m":{"m2":""}, "n":"dfds", "f":2}
{"m":{"m2":""}, "n":"dfds", "f":2}
{"m":{"m2":{"fsdfs":23]}, "n":"dfds", "f":2}
{"m":{"m2":{"fsdfs":23]}, "n":"dfds", "f":2}
{"m":{"m2":{"fsdfs":23]}, "n":"dfds", "f":2}
{"m":{"m2":{"fsdfs":23}}, "n":"dfds", "f":2}
{"m":{"m2":{"fsdfs":23}}, "n":"dfds", "f":2}
{"m":{"m2":{"fsdfs":23}}, "n":"dfds", "f":2}
{"m":{"m2":{"fsdfs":23}}, "n":"dfds", "f":2}
{"m":{"m2":{"fsdfs":23}}, "n":"dfds", "f":2}
{"m":{"m2":{"fsdfs":23}}, "n":"dfds", "f":2}
{"m":{"m2":{"fsdfs":23}}, "n":"dfds", "f":2}
{"m":{"m2":{"fsdfs":23}}, "n":"dfds", "f":2}
{"m":{"m2":{"fsdfs":23}}, "n":"dfds", "f":2}
{"m":{"m2":{"fsdfs":23}}, "n":"dfds", "f":2}
{"m":{"m2":{"fsdfs":23}}, "n":"dfds", "f":2}
{"m":{"m2":{"fsdfs":23}}, "n":"dfds", "f":2}
{"m":{"m2":{"fsdfs":23}}, "n":"dfds", "f":2}
{"m":{"m2":{"fsdfs":23}}, "n":"dfds", "f":2}
{"m":{"m2":{"fsdfs":23}}, "n":"dfds", "f":2}
{"m":{"m2":{"fsdfs":23}}, "n":"dfds", "f":2}
{"m":{"m2":{"fsdfs":23}}, "n":"dfds", "f":2}
{"m":{"m2":{"fsdfs":23}}, "n":"dfds", "f":2}
{"m":{"m2":{"fsdfs":23]}, "n":"dfds", "f":2}
{"m":{"m2":{"fsdfs":23]}, "n":"dfds", "f":2}
{"m":{"m2":{"fsdfs":23]}, "n":"dfds", "f":2}
{"m":{"m2":{"fsdfs":23}}, "n":"dfds", "f":2}
{"m":{"m2":{"fsdfs":23}}, "n":"dfds", "f":2}
{"m":{"m2":{"fsdfs":23}}, "n":"dfds", "f":2}
{"m":{"m2":{"fsdfs":23}}, "n":"dfds", "f":2}
{"m":{"m2":{"fsdfs":23}}, "n":"dfds", "f":2}
{"m":{"m2":{"fsdfs":23}}, "n":"dfds", "f":2}
{"m":{"m2":{"fsdfs":23}}, "n":"dfds", "f":2}
{"m":{"m2":{"fsdfs":23}}, "n":"dfds", "f":2}
{"m":{"m2":{"fsdfs":23}}, "n":"dfds", "f":2}
{"m":{"m2":{"fsdfs":23}}, "n":"dfds", "f":2}
{"m":{"m2":{"fsdfs":23}}, "n":"dfds", "f":2}
{"m":{"m2":{"fsdfs":23}}, "n":"dfds", "f":2}
{"m":{"m2":{"fsdfs":23}}, "n":"dfds", "f":2}
{"m":"", "n":"dfds", "f":2}
{ "n":"dfds", "f":2}
{ "n":"dfds", "f":2}
{"m":"", "n":"dfds", "f":2}
{"m":"", "n":"dfds", "f":2}
{"m":"", "n":"dfds", "f":2}
{"m":"", "n":"dfds", "f":2}
{"m":"", "n":"dfds", "f":2}
{ "n":"dfds", "f":2}
{"m":{"m2":{"fsdfs":23}}, "n":"dfds", "f":2}
{"m":{"m2":{"fsdfs":23, "fsdfs":"dasda", "boolee":true}}, "n":"dfds", "f":2}
